#
# There is insufficient memory for the Java Runtime Environment to continue.
# Native memory allocation (mmap) failed to map 132120576 bytes for G1 virtual space
# Possible reasons:
#   The system is out of physical RAM or swap space
#   The process is running with CompressedOops enabled, and the Java Heap may be blocking the growth of the native heap
# Possible solutions:
#   Reduce memory load on the system
#   Increase physical memory or swap space
#   Check if swap backing store is full
#   Decrease Java heap size (-Xmx/-Xms)
#   Decrease number of Java threads
#   Decrease Java thread stack sizes (-Xss)
#   Set larger code cache with -XX:ReservedCodeCacheSize=
#   JVM is running with Unscaled Compressed Oops mode in which the Java heap is
#     placed in the first 4GB address space. The Java Heap base address is the
#     maximum limit for the native heap growth. Please use -XX:HeapBaseMinAddress
#     to set the Java Heap base and to place the Java Heap above 4GB virtual address.
# This output file may be truncated or incomplete.
#
#  Out of Memory Error (os_windows.cpp:3536), pid=6624, tid=14240
#
# JRE version:  (19.0.2+7) (build )
# Java VM: Java HotSpot(TM) 64-Bit Server VM (19.0.2+7-44, mixed mode, sharing, tiered, compressed oops, compressed class ptrs, g1 gc, windows-amd64)
# No core dump will be written. Minidumps are not enabled by default on client versions of Windows
#

---------------  S U M M A R Y ------------

Command Line: -Dnet.bytebuddy.agent.attacher.dump= net.bytebuddy.agent.Attacher com.sun.tools.attach.VirtualMachine 9664 C:\Users\dell\.m2\repository\net\bytebuddy\byte-buddy-agent\1.14.11\byte-buddy-agent-1.14.11.jar false 

Host: Intel(R) Core(TM) i5-7440HQ CPU @ 2.80GHz, 4 cores, 7G,  Windows 10 , 64 bit Build 19041 (10.0.19041.3636)
Time: Thu Jan 25 23:41:45 2024 Paris, Madrid elapsed time: 0.011767 seconds (0d 0h 0m 0s)

---------------  T H R E A D  ---------------

Current thread (0x0000020596962850):  JavaThread "Unknown thread" [_thread_in_vm, id=14240, stack(0x0000005616200000,0x0000005616300000)]

Stack: [0x0000005616200000,0x0000005616300000]
Native frames: (J=compiled Java code, j=interpreted, Vv=VM code, C=native code)
V  [jvm.dll+0x6ee21a]
V  [jvm.dll+0x85765e]
V  [jvm.dll+0x85904e]
V  [jvm.dll+0x859703]
V  [jvm.dll+0x28298f]
V  [jvm.dll+0x6eb009]
V  [jvm.dll+0x6dfbaa]
V  [jvm.dll+0x3573f6]
V  [jvm.dll+0x35ee56]
V  [jvm.dll+0x3b541e]
V  [jvm.dll+0x3b564f]
V  [jvm.dll+0x32c9ea]
V  [jvm.dll+0x32d89e]
V  [jvm.dll+0x821780]
V  [jvm.dll+0x3c2661]
V  [jvm.dll+0x801f51]
V  [jvm.dll+0x44ae8f]
V  [jvm.dll+0x44c811]
C  [jli.dll+0x5287]
C  [ucrtbase.dll+0x21bb2]
C  [KERNEL32.DLL+0x17344]
C  [ntdll.dll+0x526b1]


---------------  P R O C E S S  ---------------

Threads class SMR info:
_java_thread_list=0x00007ffc26f8d048, length=0, elements={
}

Java Threads: ( => current thread )

Other Threads:
  0x00000205969bff90 WorkerThread "GC Thread#0" [stack: 0x0000005616300000,0x0000005616400000] [id=4668]
  0x00000205969d3c70 ConcurrentGCThread "G1 Main Marker" [stack: 0x0000005616400000,0x0000005616500000] [id=11124]
  0x00000205969d5e50 WorkerThread "G1 Conc#0" [stack: 0x0000005616500000,0x0000005616600000] [id=1940]

[error occurred during error reporting (printing all threads), id 0xc0000005, EXCEPTION_ACCESS_VIOLATION (0xc0000005) at pc=0x00007ffc2674d427]

VM state: not at safepoint (not fully initialized)

VM Mutex/Monitor currently owned by a thread:  ([mutex/lock_event])
[0x000002059695e100] Heap_lock - owner thread: 0x0000020596962850

Heap address: 0x0000000082200000, size: 2014 MB, Compressed Oops mode: 32-bit

CDS archive(s) mapped at: [0x0000000000000000-0x0000000000000000-0x0000000000000000), size 0, SharedBaseAddress: 0x0000000800000000, ArchiveRelocationMode: 0.
Narrow klass base: 0x0000000000000000, Narrow klass shift: 0, Narrow klass range: 0x0

GC Precious Log:
 CardTable entry size: 512
 Card Set container configuration: InlinePtr #cards 5 size 8 Array Of Cards #cards 12 size 40 Howl #buckets 4 coarsen threshold 1843 Howl Bitmap #cards 512 size 80 coarsen threshold 460 Card regions per heap region 1 cards per card region 2048

Heap:
 garbage-first heap   total 0K, used 0K [0x0000000082200000, 0x0000000100000000)
  region size 1024K, 0 young (0K), 0 survivors (0K)

[error occurred during error reporting (printing heap information), id 0xc0000005, EXCEPTION_ACCESS_VIOLATION (0xc0000005) at pc=0x00007ffc26b56649]

GC Heap History (0 events):
No events

Dll operation events (1 events):
Event: 0.007 Loaded shared library C:\Program Files\Java\jdk-19\bin\java.dll

Deoptimization events (0 events):
No events

Classes loaded (0 events):
No events

Classes unloaded (0 events):
No events

Classes redefined (0 events):
No events

Internal exceptions (0 events):
No events

VM Operations (0 events):
No events

Events (0 events):
No events


Dynamic libraries:
0x00007ff730460000 - 0x00007ff730470000 	C:\Program Files\Java\jdk-19\bin\java.exe
0x00007ffc7bd10000 - 0x00007ffc7bf08000 	C:\Windows\SYSTEM32\ntdll.dll
0x00007ffc7b6c0000 - 0x00007ffc7b77d000 	C:\Windows\System32\KERNEL32.DLL
0x00007ffc797c0000 - 0x00007ffc79ab6000 	C:\Windows\System32\KERNELBASE.dll
0x00007ffc794c0000 - 0x00007ffc795c0000 	C:\Windows\System32\ucrtbase.dll
0x00007ffc5e820000 - 0x00007ffc5e838000 	C:\Program Files\Java\jdk-19\bin\jli.dll
0x00007ffc5bb80000 - 0x00007ffc5bb9b000 	C:\Program Files\Java\jdk-19\bin\VCRUNTIME140.dll
0x00007ffc79d60000 - 0x00007ffc79e13000 	C:\Windows\System32\ADVAPI32.dll
0x00007ffc7a8b0000 - 0x00007ffc7a94e000 	C:\Windows\System32\msvcrt.dll
0x00007ffc7b780000 - 0x00007ffc7b81f000 	C:\Windows\System32\sechost.dll
0x00007ffc7b820000 - 0x00007ffc7b946000 	C:\Windows\System32\RPCRT4.dll
0x00007ffc79d30000 - 0x00007ffc79d57000 	C:\Windows\System32\bcrypt.dll
0x00007ffc7a960000 - 0x00007ffc7aafe000 	C:\Windows\System32\USER32.dll
0x00007ffc79d00000 - 0x00007ffc79d22000 	C:\Windows\System32\win32u.dll
0x00007ffc6aa60000 - 0x00007ffc6acfa000 	C:\Windows\WinSxS\amd64_microsoft.windows.common-controls_6595b64144ccf1df_6.0.19041.3636_none_60b6a03d71f818d5\COMCTL32.dll
0x00007ffc79f00000 - 0x00007ffc79f2c000 	C:\Windows\System32\GDI32.dll
0x00007ffc79b70000 - 0x00007ffc79c8a000 	C:\Windows\System32\gdi32full.dll
0x00007ffc79720000 - 0x00007ffc797bd000 	C:\Windows\System32\msvcp_win.dll
0x00007ffc72620000 - 0x00007ffc7262a000 	C:\Windows\SYSTEM32\VERSION.dll
0x00007ffc7ab00000 - 0x00007ffc7ab30000 	C:\Windows\System32\IMM32.DLL
0x00007ffc72960000 - 0x00007ffc7296c000 	C:\Program Files\Java\jdk-19\bin\vcruntime140_1.dll
0x00007ffc43da0000 - 0x00007ffc43e2e000 	C:\Program Files\Java\jdk-19\bin\msvcp140.dll
0x00007ffc26410000 - 0x00007ffc270d0000 	C:\Program Files\Java\jdk-19\bin\server\jvm.dll
0x00007ffc61660000 - 0x00007ffc61669000 	C:\Windows\SYSTEM32\WSOCK32.dll
0x00007ffc667e0000 - 0x00007ffc66807000 	C:\Windows\SYSTEM32\WINMM.dll
0x00007ffc7ab30000 - 0x00007ffc7ab9b000 	C:\Windows\System32\ws2_32.DLL
0x00007ffc77c30000 - 0x00007ffc77c42000 	C:\Windows\SYSTEM32\kernel.appcore.dll
0x00007ffc70330000 - 0x00007ffc7033a000 	C:\Program Files\Java\jdk-19\bin\jimage.dll
0x00007ffc76a50000 - 0x00007ffc76c34000 	C:\Windows\SYSTEM32\DBGHELP.DLL
0x00007ffc63990000 - 0x00007ffc639c4000 	C:\Windows\SYSTEM32\dbgcore.DLL
0x00007ffc79430000 - 0x00007ffc794b2000 	C:\Windows\System32\bcryptPrimitives.dll
0x00007ffc4a0c0000 - 0x00007ffc4a0e6000 	C:\Program Files\Java\jdk-19\bin\java.dll

dbghelp: loaded successfully - version: 4.0.5 - missing functions: none
symbol engine: initialized successfully - sym options: 0x614 - pdb path: .;C:\Program Files\Java\jdk-19\bin;C:\Windows\SYSTEM32;C:\Windows\WinSxS\amd64_microsoft.windows.common-controls_6595b64144ccf1df_6.0.19041.3636_none_60b6a03d71f818d5;C:\Program Files\Java\jdk-19\bin\server

VM Arguments:
jvm_args: -Dnet.bytebuddy.agent.attacher.dump= 
java_command: net.bytebuddy.agent.Attacher com.sun.tools.attach.VirtualMachine 9664 C:\Users\dell\.m2\repository\net\bytebuddy\byte-buddy-agent\1.14.11\byte-buddy-agent-1.14.11.jar false 
java_class_path (initial): C:\Users\dell\.m2\repository\net\bytebuddy\byte-buddy-agent\1.14.11\byte-buddy-agent-1.14.11.jar
Launcher Type: SUN_STANDARD

[Global flags]
     intx CICompilerCount                          = 3                                         {product} {ergonomic}
     uint ConcGCThreads                            = 1                                         {product} {ergonomic}
     uint G1ConcRefinementThreads                  = 4                                         {product} {ergonomic}
   size_t G1HeapRegionSize                         = 1048576                                   {product} {ergonomic}
    uintx GCDrainStackTargetSize                   = 64                                        {product} {ergonomic}
   size_t InitialHeapSize                          = 132120576                                 {product} {ergonomic}
   size_t MarkStackSize                            = 4194304                                   {product} {ergonomic}
   size_t MaxHeapSize                              = 2111832064                                {product} {ergonomic}
   size_t MinHeapDeltaBytes                        = 1048576                                   {product} {ergonomic}
   size_t MinHeapSize                              = 8388608                                   {product} {ergonomic}
    uintx NonNMethodCodeHeapSize                   = 5832780                                {pd product} {ergonomic}
    uintx NonProfiledCodeHeapSize                  = 122912730                              {pd product} {ergonomic}
    uintx ProfiledCodeHeapSize                     = 122912730                              {pd product} {ergonomic}
    uintx ReservedCodeCacheSize                    = 251658240                              {pd product} {ergonomic}
     bool SegmentedCodeCache                       = true                                      {product} {ergonomic}
   size_t SoftMaxHeapSize                          = 2111832064                             {manageable} {ergonomic}
     bool UseCompressedClassPointers               = true                           {product lp64_product} {ergonomic}
     bool UseCompressedOops                        = true                           {product lp64_product} {ergonomic}
     bool UseG1GC                                  = true                                      {product} {ergonomic}
     bool UseLargePagesIndividualAllocation        = false                                  {pd product} {ergonomic}

Logging:
Log output configuration:
 #0: stdout all=warning uptime,level,tags foldmultilines=false
 #1: stderr all=off uptime,level,tags foldmultilines=false

Environment Variables:
PATH=C:\Program Files (x86)\VMware\VMware Workstation\bin\;C:\Program Files\Eclipse Adoptium\jdk-17.0.7.7-hotspot\bin;C:\Program Files\Common Files\Oracle\Java\javapath;C:\Windows\system32;C:\Windows;C:\Windows\System32\Wbem;C:\Windows\System32\WindowsPowerShell\v1.0\;C:\Windows\System32\OpenSSH\;C:\Program Files\Polyspace\R2021a\bin;C:\Program Files\dotnet\;C:\Program Files\Git\cmd;C:\Program Files\MongoDB\Server\6.0\bin;C:\mongosh-1.8.0\bin;C:\Program Files\php-8.2.3;C:\ProgramData\ComposerSetup\bin;C:\xampp\php;C:\Program Files\nodejs\;C:\Program Files\Docker\Docker\resources\bin;C:\minikube;C:\Program Files\MongoDB\Tools\100\bin;C:\Users\dell\AppData\Local\Programs\mongosh;C:\Program Files\PowerShell\7\;C:\Users\dell\AppData\Local\Programs\Python\Launcher\;C:\Users\dell\scoop\shims;C:\Users\dell\AppData\Local\Programs\Python\Python310\Scripts\;C:\Users\dell\AppData\Local\Programs\Python\Python310\;C:\Users\dell\AppData\Local\Microsoft\WindowsApps;C:\Microsoft VS Code\bin;C:\Users\dell\.dotnet\tools;C:\Users\dell\AppData\Roaming\Composer\vendor\bin;C:\xampp\php\php.ini;C:\xampp\htdocs\composer.phar;C:\ProgramData\ComposerSetup\bin\composer.phar;c:\users\dell\appdata\local\programs\python\python310\lib\site-packages;C:\Users\dell\AppData\Roaming\npm;C:\Users\dell\AppData\Local\Programs\mongosh\
USERNAME=dell
OS=Windows_NT
PROCESSOR_IDENTIFIER=Intel64 Family 6 Model 158 Stepping 9, GenuineIntel
TMP=C:\Users\dell\AppData\Local\Temp
TEMP=C:\Users\dell\AppData\Local\Temp



---------------  S Y S T E M  ---------------

OS:
 Windows 10 , 64 bit Build 19041 (10.0.19041.3636)
OS uptime: 0 days 17:59 hours
Hyper-V role detected

CPU: total 4 (initial active 4) (4 cores per cpu, 1 threads per core) family 6 model 158 stepping 9 microcode 0xea, cx8, cmov, fxsr, mmx, 3dnowpref, sse, sse2, sse3, ssse3, sse4.1, sse4.2, popcnt, lzcnt, tsc, tscinvbit, avx, avx2, aes, erms, clmul, bmi1, bmi2, rtm, adx, fma, vzeroupper, clflush, clflushopt, hv, rdtscp

Memory: 4k page, system-wide physical 8053M (842M free)
TotalPageFile size 13642M (AvailPageFile size 117M)
current process WorkingSet (physical memory assigned to process): 10M, peak: 10M
current process commit charge ("private bytes"): 52M, peak: 178M

vm_info: Java HotSpot(TM) 64-Bit Server VM (19.0.2+7-44) for windows-amd64 JRE (19.0.2+7-44), built on 2022-11-30T18:02:09Z by "mach5one" with MS VC++ 17.1 (VS2022)

END.
